{"name":"log","hostname":"DESKTOP-IVHB2VN","pid":19580,"level":30,"msg":"reorderCards","time":"2023-03-02T20:45:32.058Z","v":0}
{"name":"log","hostname":"DESKTOP-IVHB2VN","pid":19580,"level":30,"msg":"reorderCards","time":"2023-03-02T20:45:35.850Z","v":0}
{"name":"log","hostname":"DESKTOP-IVHB2VN","pid":10452,"level":30,"msg":"List by id: 0b0902ef-80ac-40df-836a-88bc62211141 deleted successfully","time":"2023-03-02T20:55:37.282Z","v":0}
{"name":"log","hostname":"DESKTOP-IVHB2VN","pid":10452,"level":30,"msg":"List was created successfully:{\"cards\":[],\"name\":\"retretwertwer\",\"id\":\"c22655f8-35d1-41bc-bbd3-412f658a849f\"}","time":"2023-03-02T20:55:53.660Z","v":0}
{"name":"log","hostname":"DESKTOP-IVHB2VN","pid":10452,"level":30,"msg":"Reorder params: lists - [object Object],[object Object], sourceIndex - 0, destinationIndex - 0, sourceListId - 215026dc-d866-4200-94f2-0bcb87495eca, destinationListId - c22655f8-35d1-41bc-bbd3-412f658a849f","time":"2023-03-02T20:55:56.115Z","v":0}
{"name":"log","hostname":"DESKTOP-IVHB2VN","pid":10452,"level":30,"msg":"Card was cloned successfully:{\"name\":\"Implement renaming lists\",\"description\":\"Should be possible to change the name of the list\",\"createAt\":\"2023-03-02T20:56:29.199Z\",\"id\":\"854d2b35-2f8f-41b5-9c26-9c55a6397f8e\"}","time":"2023-03-02T20:56:29.199Z","v":0}
{"name":"log","hostname":"DESKTOP-IVHB2VN","pid":10452,"level":30,"msg":"Card was cloned successfully:{\"name\":\"Implement renaming lists\",\"description\":\"Should be possible to change the name of the list\",\"createAt\":\"2023-03-02T20:56:30.209Z\",\"id\":\"2c001fcd-bdde-4042-b420-8448c5706129\"}","time":"2023-03-02T20:56:30.209Z","v":0}
{"name":"log","hostname":"DESKTOP-IVHB2VN","pid":10452,"level":30,"msg":"Card by id: 2c001fcd-bdde-4042-b420-8448c5706129 deleted successfully","time":"2023-03-02T20:56:31.499Z","v":0}
{"name":"log","hostname":"DESKTOP-IVHB2VN","pid":10452,"level":30,"msg":"Card by id: 854d2b35-2f8f-41b5-9c26-9c55a6397f8e deleted successfully","time":"2023-03-02T20:56:32.220Z","v":0}
{"name":"log","hostname":"DESKTOP-IVHB2VN","pid":10452,"level":30,"msg":"Card by id: 4d4a2ea3-e190-45ba-9671-1cd0e715e0d2 deleted successfully","time":"2023-03-02T20:56:32.933Z","v":0}
{"name":"log","hostname":"DESKTOP-IVHB2VN","pid":10452,"level":30,"msg":"List by id: c22655f8-35d1-41bc-bbd3-412f658a849f deleted successfully","time":"2023-03-02T20:56:35.162Z","v":0}
{"name":"log","hostname":"DESKTOP-IVHB2VN","pid":10452,"level":30,"msg":"List was created successfully:{\"cards\":[],\"name\":\"dfsdafdf\",\"id\":\"0dfe83f1-88bb-4f68-b911-aa09883e2868\"}","time":"2023-03-02T20:56:37.395Z","v":0}
{"name":"log","hostname":"DESKTOP-IVHB2VN","pid":10452,"level":30,"msg":"List was created successfully:{\"cards\":[],\"name\":\"asdfasdf\",\"id\":\"23632e36-87fa-485f-9e6f-e5ad65395cf4\"}","time":"2023-03-02T20:56:39.807Z","v":0}
{"name":"log","hostname":"DESKTOP-IVHB2VN","pid":10452,"level":30,"msg":"Card was created successfully:{\"name\":\"adsfasdfa\",\"description\":\"\",\"createAt\":\"2023-03-02T20:56:42.732Z\",\"id\":\"a7b6d1d8-6207-4cac-8d66-61ba94024b95\"}","time":"2023-03-02T20:56:42.732Z","v":0}
{"name":"log","hostname":"DESKTOP-IVHB2VN","pid":10452,"level":30,"msg":"Card was created successfully:{\"name\":\"asdfasd\",\"description\":\"\",\"createAt\":\"2023-03-02T20:56:44.575Z\",\"id\":\"7fdabd00-6e70-4be2-aa65-0937942cca44\"}","time":"2023-03-02T20:56:44.575Z","v":0}
{"name":"log","hostname":"DESKTOP-IVHB2VN","pid":10452,"level":30,"msg":"Card was cloned successfully:{\"name\":\"asdfasd\",\"description\":\"adsfasdf\",\"createAt\":\"2023-03-02T20:56:47.262Z\",\"id\":\"6286f710-254d-490e-a436-16547e89fa5f\"}","time":"2023-03-02T20:56:47.262Z","v":0}
{"name":"log","hostname":"DESKTOP-IVHB2VN","pid":10452,"level":30,"msg":"Card was cloned successfully:{\"name\":\"adsfasdfa\",\"description\":\"\",\"createAt\":\"2023-03-02T20:56:48.718Z\",\"id\":\"4aa3e7f9-a57e-4170-ac27-e6f1aaef62cf\"}","time":"2023-03-02T20:56:48.718Z","v":0}
{"name":"log","hostname":"DESKTOP-IVHB2VN","pid":10452,"level":30,"msg":"List by id: 0dfe83f1-88bb-4f68-b911-aa09883e2868 deleted successfully","time":"2023-03-02T20:57:12.337Z","v":0}
{"name":"log","hostname":"DESKTOP-IVHB2VN","pid":10452,"level":30,"msg":"List by id: 23632e36-87fa-485f-9e6f-e5ad65395cf4 deleted successfully","time":"2023-03-02T20:57:12.789Z","v":0}
{"name":"log","hostname":"DESKTOP-IVHB2VN","pid":15324,"level":30,"msg":"Reorder params: lists - [object Object],[object Object], sourceIndex - 1, destinationIndex - 0, sourceListId - 25cbac14-751e-4824-b3c3-5fea0d0ef977, destinationListId - 1036a2c8-87b2-451e-8a34-e5ad706eac66","time":"2023-03-02T21:03:47.187Z","v":0}
{"name":"log","hostname":"DESKTOP-IVHB2VN","pid":15324,"level":30,"msg":"Reorder params: lists - [object Object],[object Object], sourceIndex - 0, destinationIndex - 0, sourceListId - 1036a2c8-87b2-451e-8a34-e5ad706eac66, destinationListId - 25cbac14-751e-4824-b3c3-5fea0d0ef977","time":"2023-03-02T21:03:48.268Z","v":0}
{"name":"log","hostname":"DESKTOP-IVHB2VN","pid":15324,"level":30,"msg":"Reorder params: lists - [object Object],[object Object], sourceIndex - 0, destinationIndex - 0, sourceListId - 1036a2c8-87b2-451e-8a34-e5ad706eac66, destinationListId - 25cbac14-751e-4824-b3c3-5fea0d0ef977","time":"2023-03-02T21:03:49.514Z","v":0}
{"name":"log","hostname":"DESKTOP-IVHB2VN","pid":15324,"level":30,"msg":"Reorder params: lists - [object Object],[object Object], sourceIndex - 0, destinationIndex - 0, sourceListId - 25cbac14-751e-4824-b3c3-5fea0d0ef977, destinationListId - 1036a2c8-87b2-451e-8a34-e5ad706eac66","time":"2023-03-02T21:03:51.328Z","v":0}
{"name":"log","hostname":"DESKTOP-IVHB2VN","pid":15324,"level":30,"msg":"Reorder params: lists - [object Object],[object Object], sourceIndex - 0, destinationIndex - 0, sourceListId - 25cbac14-751e-4824-b3c3-5fea0d0ef977, destinationListId - 1036a2c8-87b2-451e-8a34-e5ad706eac66","time":"2023-03-02T21:03:53.158Z","v":0}
{"name":"log","hostname":"DESKTOP-IVHB2VN","pid":15784,"level":30,"msg":"Card was cloned successfully:{\"name\":\"Implement adding lists\",\"description\":\"Should be possible to create list\",\"createAt\":\"2023-03-02T21:13:12.739Z\",\"id\":\"fcd405d6-ff8e-4739-bb48-1bcc27214cab\"}","time":"2023-03-02T21:13:12.741Z","v":0}
{"name":"log","hostname":"DESKTOP-IVHB2VN","pid":15784,"level":30,"msg":"Card was cloned successfully:{\"name\":\"Implement adding lists\",\"description\":\"Should be possible to create list\",\"createAt\":\"2023-03-02T21:13:20.963Z\",\"id\":\"1828938d-6786-4cba-8837-91bd505c95b3\"}","time":"2023-03-02T21:13:20.963Z","v":0}
